<?xml version="1.0" encoding="utf-8" standalone="no"?>
<!--This file represents the results of running a test suite-->
<test-results name="C:\Users\ahaley\Documents\Visual Studio 2010\Projects\AtTask\ahaley.AtTask.Integration\ahaley.AtTask.Integration.csproj" total="1" errors="0" failures="0" not-run="0" inconclusive="0" ignored="0" skipped="0" invalid="0" date="2012-06-28" time="08:08:23">
  <environment nunit-version="2.5.10.11092" clr-version="2.0.50727.5456" os-version="Microsoft Windows NT 6.1.7601 Service Pack 1" platform="Win32NT" cwd="C:\Program Files\NUnit 2.5.10\bin\net-2.0" machine-name="MEG" user="ahaley" user-domain="Meg" />
  <culture-info current-culture="en-US" current-uiculture="en-US" />
  <test-suite type="Test Project" name="C:\Users\ahaley\Documents\Visual Studio 2010\Projects\AtTask\ahaley.AtTask.Integration\ahaley.AtTask.Integration.csproj" executed="True" result="Success" success="True" time="2.945" asserts="0">
    <results>
      <test-suite type="Assembly" name="C:\Users\ahaley\Documents\Visual Studio 2010\Projects\AtTask\ahaley.AtTask.Integration\bin\Debug\ahaley.AtTask.Integration.dll" executed="True" result="Success" success="True" time="2.402" asserts="0">
        <results>
          <test-suite type="TestFixture" name="PayrollAdapterTests" executed="True" result="Success" success="True" time="2.385" asserts="0">
            <results>
              <test-case name="ahaley.AtTask.Integration.PayrollAdapterTests.Get_Timesheets_For_Week_Ending" executed="True" result="Success" success="True" time="2.355" asserts="0" />
            </results>
          </test-suite>
        </results>
      </test-suite>
    </results>
  </test-suite>
</test-results>