<?xml version="1.0" encoding="utf-8" standalone="no"?>
<!--This file represents the results of running a test suite-->
<test-results name="C:\Users\ahaley\Documents\Visual Studio 2010\Projects\AtTask\ahaley.AtTask.Tests\ahaley.AtTask.Tests.csproj" total="27" errors="0" failures="0" not-run="0" inconclusive="0" ignored="0" skipped="0" invalid="0" date="2012-06-28" time="08:17:28">
  <environment nunit-version="2.5.10.11092" clr-version="2.0.50727.5456" os-version="Microsoft Windows NT 6.1.7601 Service Pack 1" platform="Win32NT" cwd="C:\Program Files\NUnit 2.5.10\bin\net-2.0" machine-name="MEG" user="ahaley" user-domain="Meg" />
  <culture-info current-culture="en-US" current-uiculture="en-US" />
  <test-suite type="Test Project" name="C:\Users\ahaley\Documents\Visual Studio 2010\Projects\AtTask\ahaley.AtTask.Tests\ahaley.AtTask.Tests.csproj" executed="True" result="Success" success="True" time="0.483" asserts="0">
    <results>
      <test-suite type="Assembly" name="C:\Users\ahaley\Documents\Visual Studio 2010\Projects\AtTask\ahaley.AtTask.Tests\bin\Debug\ahaley.AtTask.Tests.dll" executed="True" result="Success" success="True" time="0.396" asserts="0">
        <results>
          <test-suite type="TestFixture" name="ExpenseAdapterTest" executed="True" result="Success" success="True" time="0.003" asserts="0">
            <results>
              <test-case name="ahaley.AtTask.Tests.ExpenseAdapterTest.Test_Expense" executed="True" result="Success" success="True" time="0.001" asserts="0" />
            </results>
          </test-suite>
          <test-suite type="TestFixture" name="FilterBuilderTest" executed="True" result="Success" success="True" time="0.106" asserts="0">
            <results>
              <test-case name="ahaley.AtTask.Tests.FilterBuilderTest.Builder_Constructs_Proper_Date_Greater_Than_Operation" executed="True" result="Success" success="True" time="0.000" asserts="3" />
              <test-case name="ahaley.AtTask.Tests.FilterBuilderTest.Builder_Constructs_Proper_Date_Less_Than_Operation" executed="True" result="Success" success="True" time="0.000" asserts="3" />
              <test-case name="ahaley.AtTask.Tests.FilterBuilderTest.Builder_Constructs_Proper_Date_Range_Operation" executed="True" result="Success" success="True" time="0.000" asserts="3" />
              <test-case name="ahaley.AtTask.Tests.FilterBuilderTest.Builder_Handles_Filter_Composition_Correctly" executed="True" result="Success" success="True" time="0.000" asserts="3" />
              <test-case name="ahaley.AtTask.Tests.FilterBuilderTest.Builders_Should_Be_Equal_If_Filters_Match" executed="True" result="Success" success="True" time="0.000" asserts="3" />
              <test-case name="ahaley.AtTask.Tests.FilterBuilderTest.Builders_Should_Not_Be_Equal_If_Filters_Do_Not_Match" executed="True" result="Success" success="True" time="0.001" asserts="2" />
              <test-case name="ahaley.AtTask.Tests.FilterBuilderTest.ContainsDateRange_Will_Return_False_If_Date_Range_Doesnt_Exist" executed="True" result="Success" success="True" time="0.000" asserts="1" />
              <test-case name="ahaley.AtTask.Tests.FilterBuilderTest.ContainsDateRange_Will_Return_True_If_Date_Range_Exists" executed="True" result="Success" success="True" time="0.001" asserts="3" />
              <test-case name="ahaley.AtTask.Tests.FilterBuilderTest.FieldEquals_With_DateTime_Produces_AtTask_Date_String" executed="True" result="Success" success="True" time="0.000" asserts="1" />
              <test-case name="ahaley.AtTask.Tests.FilterBuilderTest.Given_Date_Equality_Date_Range_Will_Start_Week_Prior" executed="True" result="Success" success="True" time="0.001" asserts="3" />
              <test-case name="ahaley.AtTask.Tests.FilterBuilderTest.Given_Only_EndDate_StartDate_Extent_Is_Week_Prior" executed="True" result="Success" success="True" time="0.001" asserts="3" />
              <test-case name="ahaley.AtTask.Tests.FilterBuilderTest.Given_Two_Date_Equalities_Start_And_End_Date_Are_Extents" executed="True" result="Success" success="True" time="0.000" asserts="3" />
              <test-case name="ahaley.AtTask.Tests.FilterBuilderTest.Single_Field_Equals_Contructs_Correct_Filter" executed="True" result="Success" success="True" time="0.000" asserts="2" />
            </results>
          </test-suite>
          <test-suite type="TestFixture" name="GatewayTest" executed="True" result="Success" success="True" time="0.020" asserts="0">
            <results>
              <test-case name="ahaley.AtTask.Tests.GatewayTest.TestMethod1" executed="True" result="Success" success="True" time="0.017" asserts="1" />
            </results>
          </test-suite>
          <test-suite type="TestFixture" name="PayrollAdapterTest" executed="True" result="Success" success="True" time="0.136" asserts="0">
            <results>
              <test-case name="ahaley.AtTask.Tests.PayrollAdapterTest.Payroll_Should_Send_Correct_Filters_To_Gateway" executed="True" result="Success" success="True" time="0.002" asserts="0" />
              <test-case name="ahaley.AtTask.Tests.PayrollAdapterTest.PayRollCombinedPeriodEnding_Should_Combine_Weeks" executed="True" result="Success" success="True" time="0.023" asserts="3" />
              <test-case name="ahaley.AtTask.Tests.PayrollAdapterTest.PayrollForEmployee_Should_Send_Correct_Filters_To_Gateway" executed="True" result="Success" success="True" time="0.005" asserts="0" />
              <test-case name="ahaley.AtTask.Tests.PayrollAdapterTest.PayrollPeriodEnding_Should_Filter_By_Approver_List" executed="True" result="Success" success="True" time="0.006" asserts="0" />
              <test-case name="ahaley.AtTask.Tests.PayrollAdapterTest.PayrollPeriodEnding_Should_Send_Correct_Filters_To_Gateway" executed="True" result="Success" success="True" time="0.006" asserts="0" />
              <test-case name="ahaley.AtTask.Tests.PayrollAdapterTest.PayrollWeekEnding_Should_Filter_By_Approver_List" executed="True" result="Success" success="True" time="0.006" asserts="0" />
              <test-case name="ahaley.AtTask.Tests.PayrollAdapterTest.PayrollWeekEnding_Should_Send_Correct_Filters_To_Gateway" executed="True" result="Success" success="True" time="0.005" asserts="0" />
            </results>
          </test-suite>
          <test-suite type="TestFixture" name="PayrollMapperTests" executed="True" result="Success" success="True" time="0.063" asserts="0">
            <results>
              <test-case name="ahaley.AtTask.Tests.PayrollMapperTests.Expense_Based_Values_Map_InCharge_Correctly" executed="True" result="Success" success="True" time="0.007" asserts="1" />
              <test-case name="ahaley.AtTask.Tests.PayrollMapperTests.Holiday_Value_Is_Mapped_To_Payroll" executed="True" result="Success" success="True" time="0.001" asserts="1" />
              <test-case name="ahaley.AtTask.Tests.PayrollMapperTests.Mileage_Expense_Calculated_Correctly" executed="True" result="Success" success="True" time="0.013" asserts="1" />
              <test-case name="ahaley.AtTask.Tests.PayrollMapperTests.PTO_Value_Is_Mapped_To_Payroll" executed="True" result="Success" success="True" time="0.005" asserts="1" />
            </results>
          </test-suite>
          <test-suite type="TestFixture" name="RestFilterBuilderTest" executed="True" result="Success" success="True" time="0.002" asserts="0">
            <results>
              <test-case name="ahaley.AtTask.Tests.RestFilterBuilderTest.TestMethod1" executed="True" result="Success" success="True" time="0.000" asserts="0" />
            </results>
          </test-suite>
        </results>
      </test-suite>
    </results>
  </test-suite>
</test-results>